<?xml version="1.0" encoding="UTF-8"?>
<!-- Generated by org.testng.reporters.JUnitReportReporter -->
<testsuite hostname="LAPTOP-0J9B465B" failures="0" tests="1" name="Com.Test.Test_TC001" time="9.320" errors="0" timestamp="2024-12-27T12:04:35 IST" skipped="0">
  <testcase classname="Com.Test.Test_TC001" name="VerifySignIn" time="9.320"/>
  <system-out/>
</testsuite> <!-- Com.Test.Test_TC001 -->
