<?xml version="1.0" encoding="UTF-8"?>
<!-- Generated by org.testng.reporters.JUnitReportReporter -->
<testsuite hostname="LAPTOP-0J9B465B" failures="0" tests="1" name="Com.Test.Test_TC003" time="13.367" errors="0" timestamp="2024-12-27T14:02:01 IST" skipped="0">
  <testcase classname="Com.Test.Test_TC003" name="VerifySignIn" time="13.367"/>
  <system-out/>
</testsuite> <!-- Com.Test.Test_TC003 -->
